errorTestCases/ifErrors/
true
inner if is true
********** ERROR **********
Line 7: 	endif:
Invalid terminating token for endif: ':'
File: errorTestCases/ifErrors/endIfNotCorrectlyTerminated2
	at havabol.Parser.error(Parser.java:1695)
	at havabol.Parser.ifStmt(Parser.java:510)
	at havabol.Parser.statements(Parser.java:270)
	at havabol.Parser.ifStmt(Parser.java:453)
	at havabol.Parser.statements(Parser.java:270)
	at havabol.HavaBol.main(HavaBol.java:9)
errorTestCases/ifErrors/
true
inner if is true
********** ERROR **********
Line 15: endif:
Invalid terminating token for endif: ':'
File: errorTestCases/ifErrors/endIfNotCorrectlyTerminated
	at havabol.Parser.error(Parser.java:1695)
	at havabol.Parser.ifStmt(Parser.java:510)
	at havabol.Parser.statements(Parser.java:270)
	at havabol.HavaBol.main(HavaBol.java:9)
errorTestCases/ifErrors/
true
inner if is true
********** ERROR **********
Line 8: else:
Unmatched nested else statement.
File: errorTestCases/ifErrors/noEndif2
	at havabol.Parser.error(Parser.java:1685)
	at havabol.Parser.ifStmt(Parser.java:505)
	at havabol.Parser.statements(Parser.java:270)
	at havabol.Parser.ifStmt(Parser.java:453)
	at havabol.Parser.statements(Parser.java:270)
	at havabol.HavaBol.main(HavaBol.java:9)
errorTestCases/ifErrors/
true
********** ERROR **********
Line 3: 	if T
Invalid terminating token for if: 'print'
File: errorTestCases/ifErrors/ifNotTerminated2
	at havabol.Parser.error(Parser.java:1695)
	at havabol.Parser.ifStmt(Parser.java:447)
	at havabol.Parser.statements(Parser.java:270)
	at havabol.Parser.ifStmt(Parser.java:453)
	at havabol.Parser.statements(Parser.java:270)
	at havabol.HavaBol.main(HavaBol.java:9)
errorTestCases/ifErrors/
********** ERROR **********
Line 1: if T
Invalid terminating token for if: 'print'
File: errorTestCases/ifErrors/ifNotTerminated
	at havabol.Parser.error(Parser.java:1695)
	at havabol.Parser.ifStmt(Parser.java:447)
	at havabol.Parser.statements(Parser.java:270)
	at havabol.HavaBol.main(HavaBol.java:9)
errorTestCases/ifErrors/
********** ERROR **********
Line 1: if "this isn't a boolean":
Invalid conditional for if: 'this isn't a boolean'
File: errorTestCases/ifErrors/nonBooleanCondition
	at havabol.Parser.error(Parser.java:1695)
	at havabol.Parser.ifStmt(Parser.java:604)
	at havabol.Parser.statements(Parser.java:270)
	at havabol.HavaBol.main(HavaBol.java:9)
errorTestCases/ifErrors/
true
inner if is true
********** ERROR **********
Line 8: else;
Invalid terminating token for else: ';'
File: errorTestCases/ifErrors/elseNotCorrectlyTerminated
	at havabol.Parser.error(Parser.java:1695)
	at havabol.Parser.ifStmt(Parser.java:459)
	at havabol.Parser.statements(Parser.java:270)
	at havabol.HavaBol.main(HavaBol.java:9)
errorTestCases/ifErrors/
true
inner if is true
********** ERROR **********
Line 8: else:
Unmatched nested else statement.
File: errorTestCases/ifErrors/endIfMisspelled2
	at havabol.Parser.error(Parser.java:1685)
	at havabol.Parser.ifStmt(Parser.java:505)
	at havabol.Parser.statements(Parser.java:270)
	at havabol.Parser.ifStmt(Parser.java:453)
	at havabol.Parser.statements(Parser.java:270)
	at havabol.HavaBol.main(HavaBol.java:9)
errorTestCases/ifErrors/
true
inner if is true
********** ERROR **********
Line 7: 	endif
Invalid terminating token for endif: 'else'
File: errorTestCases/ifErrors/endIfNotTerminated
	at havabol.Parser.error(Parser.java:1695)
	at havabol.Parser.ifStmt(Parser.java:510)
	at havabol.Parser.statements(Parser.java:270)
	at havabol.Parser.ifStmt(Parser.java:453)
	at havabol.Parser.statements(Parser.java:270)
	at havabol.HavaBol.main(HavaBol.java:9)
errorTestCases/ifErrors/
********** ERROR **********
Line 1: if T;
Invalid terminating token for if: ';'
File: errorTestCases/ifErrors/ifNotCorrectlyTerminated
	at havabol.Parser.error(Parser.java:1695)
	at havabol.Parser.ifStmt(Parser.java:447)
	at havabol.Parser.statements(Parser.java:270)
	at havabol.HavaBol.main(HavaBol.java:9)
errorTestCases/ifErrors/
true
inner if is true
********** ERROR **********
Line 5: 	ese:
Symbol 'ese' is not in Symbol Table.
File: errorTestCases/ifErrors/elseMisspelled2
	at havabol.Parser.error(Parser.java:1685)
	at havabol.Parser.statements(Parser.java:212)
	at havabol.Parser.ifStmt(Parser.java:453)
	at havabol.Parser.statements(Parser.java:270)
	at havabol.Parser.ifStmt(Parser.java:453)
	at havabol.Parser.statements(Parser.java:270)
	at havabol.HavaBol.main(HavaBol.java:9)
errorTestCases/ifErrors/
true
inner if is true
********** ERROR **********
Line 5: 	else;
Invalid terminating token for else: ';'
File: errorTestCases/ifErrors/elseNotCorrectlyTerminated2
	at havabol.Parser.error(Parser.java:1695)
	at havabol.Parser.ifStmt(Parser.java:459)
	at havabol.Parser.statements(Parser.java:270)
	at havabol.Parser.ifStmt(Parser.java:453)
	at havabol.Parser.statements(Parser.java:270)
	at havabol.HavaBol.main(HavaBol.java:9)
errorTestCases/ifErrors/
true
********** ERROR **********
Line 3: 	if "this isn't a boolean":
Invalid conditional for if: 'this isn't a boolean'
File: errorTestCases/ifErrors/nonBooleanCondition2
	at havabol.Parser.error(Parser.java:1695)
	at havabol.Parser.ifStmt(Parser.java:604)
	at havabol.Parser.statements(Parser.java:270)
	at havabol.Parser.ifStmt(Parser.java:453)
	at havabol.Parser.statements(Parser.java:270)
	at havabol.HavaBol.main(HavaBol.java:9)
errorTestCases/ifErrors/
true
inner if is true
********** ERROR **********
Line 8: else
Invalid terminating token for else: 'print'
File: errorTestCases/ifErrors/elseNotTerminated
	at havabol.Parser.error(Parser.java:1695)
	at havabol.Parser.ifStmt(Parser.java:459)
	at havabol.Parser.statements(Parser.java:270)
	at havabol.HavaBol.main(HavaBol.java:9)
errorTestCases/ifErrors/
true
inner if is true
********** ERROR **********
Line 1: if T:
If statement not terminated by endif.
File: errorTestCases/ifErrors/noEndif
	at havabol.Parser.error(Parser.java:1695)
	at havabol.Parser.ifStmt(Parser.java:495)
	at havabol.Parser.statements(Parser.java:270)
	at havabol.HavaBol.main(HavaBol.java:9)
errorTestCases/ifErrors/
true
********** ERROR **********
Line 3: 	if T;
Invalid terminating token for if: ';'
File: errorTestCases/ifErrors/ifNotCorrectlyTerminated2
	at havabol.Parser.error(Parser.java:1695)
	at havabol.Parser.ifStmt(Parser.java:447)
	at havabol.Parser.statements(Parser.java:270)
	at havabol.Parser.ifStmt(Parser.java:453)
	at havabol.Parser.statements(Parser.java:270)
	at havabol.HavaBol.main(HavaBol.java:9)
errorTestCases/ifErrors/
true
inner if is true
********** ERROR **********
Line 5: 	else
Invalid terminating token for else: 'print'
File: errorTestCases/ifErrors/elseNotTerminated2
	at havabol.Parser.error(Parser.java:1695)
	at havabol.Parser.ifStmt(Parser.java:459)
	at havabol.Parser.statements(Parser.java:270)
	at havabol.Parser.ifStmt(Parser.java:453)
	at havabol.Parser.statements(Parser.java:270)
	at havabol.HavaBol.main(HavaBol.java:9)
errorTestCases/ifErrors/
true
inner if is true
********** ERROR **********
Line 8: ese:
Symbol 'ese' is not in Symbol Table.
File: errorTestCases/ifErrors/elseMisspelled
	at havabol.Parser.error(Parser.java:1685)
	at havabol.Parser.statements(Parser.java:212)
	at havabol.Parser.ifStmt(Parser.java:453)
	at havabol.Parser.statements(Parser.java:270)
	at havabol.HavaBol.main(HavaBol.java:9)
errorTestCases/ifErrors/
true
inner if is true
********** ERROR **********
Line 1: if T:
If statement not terminated by endif.
File: errorTestCases/ifErrors/endIfMisspelled
	at havabol.Parser.error(Parser.java:1695)
	at havabol.Parser.ifStmt(Parser.java:495)
	at havabol.Parser.statements(Parser.java:270)
	at havabol.HavaBol.main(HavaBol.java:9)
errorTestCases/ifErrors/
